  [1m[35m (537.3ms)[0m  [1m[35mCREATE DATABASE "my_99_cats_development" ENCODING = 'unicode'[0m
  ↳ bin/rails:9
  [1m[35m (246.7ms)[0m  [1m[35mCREATE DATABASE "my_99_cats_test" ENCODING = 'unicode'[0m
  ↳ bin/rails:9
  [1m[35m (9.7ms)[0m  [1m[35mCREATE TABLE "schema_migrations" ("version" character varying NOT NULL PRIMARY KEY)[0m
  ↳ bin/rails:9
  [1m[35m (4.0ms)[0m  [1m[35mCREATE TABLE "ar_internal_metadata" ("key" character varying NOT NULL PRIMARY KEY, "value" character varying, "created_at" timestamp NOT NULL, "updated_at" timestamp NOT NULL)[0m
  ↳ bin/rails:9
  [1m[35m (0.2ms)[0m  [1m[34mSELECT pg_try_advisory_lock(1845222426393959760)[0m
  ↳ bin/rails:9
  [1m[35m (0.7ms)[0m  [1m[34mSELECT "schema_migrations"."version" FROM "schema_migrations" ORDER BY "schema_migrations"."version" ASC[0m
  ↳ bin/rails:9
Migrating to CreateCatTable (20190226183724)
  [1m[35m (0.2ms)[0m  [1m[35mBEGIN[0m
  ↳ bin/rails:9
  [1m[35m (18.7ms)[0m  [1m[35mCREATE TABLE "cats" ("id" bigserial primary key, "birth_date" date NOT NULL, "color" character varying NOT NULL, "name" character varying NOT NULL, "sex" character varying(1) NOT NULL, "description" text NOT NULL, "created_at" timestamp NOT NULL, "updated_at" timestamp NOT NULL)[0m
  ↳ db/migrate/20190226183724_create_cat_table.rb:3
  [1m[36mActiveRecord::SchemaMigration Create (0.6ms)[0m  [1m[32mINSERT INTO "schema_migrations" ("version") VALUES ($1) RETURNING "version"[0m  [["version", "20190226183724"]]
  ↳ bin/rails:9
  [1m[35m (0.8ms)[0m  [1m[35mCOMMIT[0m
  ↳ bin/rails:9
  [1m[36mActiveRecord::InternalMetadata Load (0.5ms)[0m  [1m[34mSELECT  "ar_internal_metadata".* FROM "ar_internal_metadata" WHERE "ar_internal_metadata"."key" = $1 LIMIT $2[0m  [["key", "environment"], ["LIMIT", 1]]
  ↳ bin/rails:9
  [1m[35m (0.3ms)[0m  [1m[35mBEGIN[0m
  ↳ bin/rails:9
  [1m[36mActiveRecord::InternalMetadata Create (0.7ms)[0m  [1m[32mINSERT INTO "ar_internal_metadata" ("key", "value", "created_at", "updated_at") VALUES ($1, $2, $3, $4) RETURNING "key"[0m  [["key", "environment"], ["value", "development"], ["created_at", "2019-02-26 18:43:35.045418"], ["updated_at", "2019-02-26 18:43:35.045418"]]
  ↳ bin/rails:9
  [1m[35m (0.5ms)[0m  [1m[35mCOMMIT[0m
  ↳ bin/rails:9
  [1m[35m (0.3ms)[0m  [1m[34mSELECT pg_advisory_unlock(1845222426393959760)[0m
  ↳ bin/rails:9
  [1m[35m (0.7ms)[0m  [1m[34mSELECT "schema_migrations"."version" FROM "schema_migrations" ORDER BY "schema_migrations"."version" ASC[0m
  ↳ bin/rails:9
Started GET "/" for 127.0.0.1 at 2019-02-26 14:20:32 -0500
  [1m[35m (0.9ms)[0m  [1m[34mSELECT "schema_migrations"."version" FROM "schema_migrations" ORDER BY "schema_migrations"."version" ASC[0m
  ↳ /Users/aa/.rbenv/versions/2.5.1/lib/ruby/gems/2.5.0/gems/activerecord-5.2.2/lib/active_record/log_subscriber.rb:98
Processing by Rails::WelcomeController#index as HTML
  Rendering /Users/aa/.rbenv/versions/2.5.1/lib/ruby/gems/2.5.0/gems/railties-5.2.2/lib/rails/templates/rails/welcome/index.html.erb
  Rendered /Users/aa/.rbenv/versions/2.5.1/lib/ruby/gems/2.5.0/gems/railties-5.2.2/lib/rails/templates/rails/welcome/index.html.erb (4.9ms)
Completed 200 OK in 104ms (Views: 56.5ms | ActiveRecord: 0.0ms)


Started GET "/cats" for 127.0.0.1 at 2019-02-26 14:20:40 -0500

SyntaxError - syntax error, unexpected tSYMBEG, expecting keyword_do or '{' or '('
        @cat ? render :show : redirect_to cats_url
                      ^:
  app/controllers/cats_controller.rb:12:in `'

Started POST "/__better_errors/a532b43a60ccb0d4/variables" for 127.0.0.1 at 2019-02-26 14:20:41 -0500
Started GET "/cat" for 127.0.0.1 at 2019-02-26 14:21:25 -0500
  
ActionController::RoutingError (No route matches [GET] "/cat"):
  
actionpack (5.2.2) lib/action_dispatch/middleware/debug_exceptions.rb:65:in `call'
web-console (3.7.0) lib/web_console/middleware.rb:135:in `call_app'
web-console (3.7.0) lib/web_console/middleware.rb:30:in `block in call'
web-console (3.7.0) lib/web_console/middleware.rb:20:in `catch'
web-console (3.7.0) lib/web_console/middleware.rb:20:in `call'
actionpack (5.2.2) lib/action_dispatch/middleware/show_exceptions.rb:33:in `call'
railties (5.2.2) lib/rails/rack/logger.rb:38:in `call_app'
railties (5.2.2) lib/rails/rack/logger.rb:26:in `block in call'
activesupport (5.2.2) lib/active_support/tagged_logging.rb:71:in `block in tagged'
activesupport (5.2.2) lib/active_support/tagged_logging.rb:28:in `tagged'
activesupport (5.2.2) lib/active_support/tagged_logging.rb:71:in `tagged'
railties (5.2.2) lib/rails/rack/logger.rb:26:in `call'
sprockets-rails (3.2.1) lib/sprockets/rails/quiet_assets.rb:13:in `call'
actionpack (5.2.2) lib/action_dispatch/middleware/remote_ip.rb:81:in `call'
actionpack (5.2.2) lib/action_dispatch/middleware/request_id.rb:27:in `call'
rack (2.0.6) lib/rack/method_override.rb:22:in `call'
rack (2.0.6) lib/rack/runtime.rb:22:in `call'
activesupport (5.2.2) lib/active_support/cache/strategy/local_cache_middleware.rb:29:in `call'
actionpack (5.2.2) lib/action_dispatch/middleware/executor.rb:14:in `call'
actionpack (5.2.2) lib/action_dispatch/middleware/static.rb:127:in `call'
rack (2.0.6) lib/rack/sendfile.rb:111:in `call'
railties (5.2.2) lib/rails/engine.rb:524:in `call'
puma (3.12.0) lib/puma/configuration.rb:225:in `call'
puma (3.12.0) lib/puma/server.rb:658:in `handle_request'
puma (3.12.0) lib/puma/server.rb:472:in `process_client'
puma (3.12.0) lib/puma/server.rb:332:in `block in run'
puma (3.12.0) lib/puma/thread_pool.rb:133:in `block in spawn_thread'
Started GET "/cats/1" for 127.0.0.1 at 2019-02-26 14:21:31 -0500

SyntaxError - syntax error, unexpected tSYMBEG, expecting keyword_do or '{' or '('
        @cat ? render :show : redirect_to cats_url
                      ^:
  app/controllers/cats_controller.rb:12:in `'

Started POST "/__better_errors/0f177b04b87ffa36/variables" for 127.0.0.1 at 2019-02-26 14:21:31 -0500
Started GET "/cats" for 127.0.0.1 at 2019-02-26 14:21:42 -0500

SyntaxError - syntax error, unexpected tSYMBEG, expecting keyword_do or '{' or '('
        @cat ? render :show : redirect_to cats_url
                      ^:
  app/controllers/cats_controller.rb:12:in `'

Started POST "/__better_errors/599e5844cac23c96/variables" for 127.0.0.1 at 2019-02-26 14:21:43 -0500
Started GET "/cats" for 127.0.0.1 at 2019-02-26 14:28:29 -0500
  [1m[35m (22.4ms)[0m  [1m[34mSELECT "schema_migrations"."version" FROM "schema_migrations" ORDER BY "schema_migrations"."version" ASC[0m
  ↳ /Users/aa/.rbenv/versions/2.5.1/lib/ruby/gems/2.5.0/gems/activerecord-5.2.2/lib/active_record/log_subscriber.rb:98

SyntaxError - syntax error, unexpected tSYMBEG, expecting keyword_do or '{' or '('
        @cat ? render :show : redirect_to cats_url
                      ^:
  app/controllers/cats_controller.rb:12:in `'

Started POST "/__better_errors/0c161a8a84a7e0ff/variables" for 127.0.0.1 at 2019-02-26 14:28:29 -0500
Started GET "/cats" for 127.0.0.1 at 2019-02-26 14:29:09 -0500
Processing by CatsController#index as HTML
Completed 500 Internal Server Error in 16ms (ActiveRecord: 0.0ms)



NameError - uninitialized constant CatsController::Cats:
  app/controllers/cats_controller.rb:4:in `index'

Started POST "/__better_errors/6c959ef94494bfe3/variables" for 127.0.0.1 at 2019-02-26 14:29:10 -0500
Started GET "/cats" for 127.0.0.1 at 2019-02-26 14:29:27 -0500
Processing by CatsController#index as HTML
Completed 500 Internal Server Error in 49ms (ActiveRecord: 0.0ms)



NameError - uninitialized constant Cat::DateHelper:
  app/models/cat.rb:2:in `<class:Cat>'
  app/models/cat.rb:1:in `<main>'
  app/controllers/cats_controller.rb:4:in `index'

Started POST "/__better_errors/b8aae847d471074b/variables" for 127.0.0.1 at 2019-02-26 14:29:28 -0500
Started GET "/cats" for 127.0.0.1 at 2019-02-26 14:31:31 -0500
Processing by CatsController#index as HTML
  Rendering cats/index.html.erb within layouts/application
  [1m[36mCat Load (14.0ms)[0m  [1m[34mSELECT "cats".* FROM "cats"[0m
  ↳ app/views/cats/index.html.erb:4
  Rendered cats/index.html.erb within layouts/application (18.8ms)
Completed 200 OK in 592ms (Views: 572.4ms | ActiveRecord: 16.5ms)


Started GET "/cats/1" for 127.0.0.1 at 2019-02-26 14:34:43 -0500
Processing by CatsController#show as HTML
  Parameters: {"id"=>"1"}
  Rendering cats/show.html.erb within layouts/application
  Rendered cats/show.html.erb within layouts/application (28.2ms)
Completed 500 Internal Server Error in 51ms (ActiveRecord: 0.0ms)



NoMethodError - undefined method `name' for nil:NilClass:
  app/views/cats/show.html.erb:5:in `_app_views_cats_show_html_erb___1073830561143388946_70268894229560'

Started POST "/__better_errors/c4c995ce649b1ef7/variables" for 127.0.0.1 at 2019-02-26 14:34:43 -0500
Started GET "/cat/1" for 127.0.0.1 at 2019-02-26 14:35:43 -0500
  
ActionController::RoutingError (No route matches [GET] "/cat/1"):
  
actionpack (5.2.2) lib/action_dispatch/middleware/debug_exceptions.rb:65:in `call'
web-console (3.7.0) lib/web_console/middleware.rb:135:in `call_app'
web-console (3.7.0) lib/web_console/middleware.rb:30:in `block in call'
web-console (3.7.0) lib/web_console/middleware.rb:20:in `catch'
web-console (3.7.0) lib/web_console/middleware.rb:20:in `call'
actionpack (5.2.2) lib/action_dispatch/middleware/show_exceptions.rb:33:in `call'
railties (5.2.2) lib/rails/rack/logger.rb:38:in `call_app'
railties (5.2.2) lib/rails/rack/logger.rb:26:in `block in call'
activesupport (5.2.2) lib/active_support/tagged_logging.rb:71:in `block in tagged'
activesupport (5.2.2) lib/active_support/tagged_logging.rb:28:in `tagged'
activesupport (5.2.2) lib/active_support/tagged_logging.rb:71:in `tagged'
railties (5.2.2) lib/rails/rack/logger.rb:26:in `call'
sprockets-rails (3.2.1) lib/sprockets/rails/quiet_assets.rb:13:in `call'
actionpack (5.2.2) lib/action_dispatch/middleware/remote_ip.rb:81:in `call'
actionpack (5.2.2) lib/action_dispatch/middleware/request_id.rb:27:in `call'
rack (2.0.6) lib/rack/method_override.rb:22:in `call'
rack (2.0.6) lib/rack/runtime.rb:22:in `call'
activesupport (5.2.2) lib/active_support/cache/strategy/local_cache_middleware.rb:29:in `call'
actionpack (5.2.2) lib/action_dispatch/middleware/executor.rb:14:in `call'
actionpack (5.2.2) lib/action_dispatch/middleware/static.rb:127:in `call'
rack (2.0.6) lib/rack/sendfile.rb:111:in `call'
railties (5.2.2) lib/rails/engine.rb:524:in `call'
puma (3.12.0) lib/puma/configuration.rb:225:in `call'
puma (3.12.0) lib/puma/server.rb:658:in `handle_request'
puma (3.12.0) lib/puma/server.rb:472:in `process_client'
puma (3.12.0) lib/puma/server.rb:332:in `block in run'
puma (3.12.0) lib/puma/thread_pool.rb:133:in `block in spawn_thread'
Started GET "/cats/1" for 127.0.0.1 at 2019-02-26 14:35:51 -0500

SyntaxError - syntax error, unexpected tSYMBEG, expecting keyword_do or '{' or '('
        @cat ? render :show : redirect_to cats_url
                      ^:
  app/controllers/cats_controller.rb:12:in `'

Started POST "/__better_errors/50a35d0e1dfc6f82/variables" for 127.0.0.1 at 2019-02-26 14:35:51 -0500
Started GET "/cats/1" for 127.0.0.1 at 2019-02-26 14:37:04 -0500
Processing by CatsController#show as HTML
  Parameters: {"id"=>"1"}
  [1m[36mCat Load (0.7ms)[0m  [1m[34mSELECT  "cats".* FROM "cats" WHERE "cats"."id" = $1 LIMIT $2[0m  [["id", 1], ["LIMIT", 1]]
  ↳ app/controllers/cats_controller.rb:10
Redirected to http://localhost:3000/cats
Completed 302 Found in 55ms (ActiveRecord: 5.7ms)


Started GET "/cats" for 127.0.0.1 at 2019-02-26 14:37:05 -0500
Processing by CatsController#index as HTML
  Rendering cats/index.html.erb within layouts/application
  [1m[36mCat Load (0.4ms)[0m  [1m[34mSELECT "cats".* FROM "cats"[0m
  ↳ app/views/cats/index.html.erb:4
  Rendered cats/index.html.erb within layouts/application (1.5ms)
Completed 200 OK in 75ms (Views: 74.1ms | ActiveRecord: 0.4ms)


Started GET "/cats" for 127.0.0.1 at 2019-02-26 14:45:42 -0500
Processing by CatsController#index as HTML
  Rendering cats/index.html.erb within layouts/application
  [1m[36mCat Load (1.1ms)[0m  [1m[34mSELECT "cats".* FROM "cats"[0m
  ↳ app/views/cats/index.html.erb:5
  Rendered cats/index.html.erb within layouts/application (8.8ms)
Completed 200 OK in 93ms (Views: 86.0ms | ActiveRecord: 6.6ms)


Started GET "/cat/1" for 127.0.0.1 at 2019-02-26 14:49:22 -0500
  
ActionController::RoutingError (No route matches [GET] "/cat/1"):
  
actionpack (5.2.2) lib/action_dispatch/middleware/debug_exceptions.rb:65:in `call'
web-console (3.7.0) lib/web_console/middleware.rb:135:in `call_app'
web-console (3.7.0) lib/web_console/middleware.rb:30:in `block in call'
web-console (3.7.0) lib/web_console/middleware.rb:20:in `catch'
web-console (3.7.0) lib/web_console/middleware.rb:20:in `call'
actionpack (5.2.2) lib/action_dispatch/middleware/show_exceptions.rb:33:in `call'
railties (5.2.2) lib/rails/rack/logger.rb:38:in `call_app'
railties (5.2.2) lib/rails/rack/logger.rb:26:in `block in call'
activesupport (5.2.2) lib/active_support/tagged_logging.rb:71:in `block in tagged'
activesupport (5.2.2) lib/active_support/tagged_logging.rb:28:in `tagged'
activesupport (5.2.2) lib/active_support/tagged_logging.rb:71:in `tagged'
railties (5.2.2) lib/rails/rack/logger.rb:26:in `call'
sprockets-rails (3.2.1) lib/sprockets/rails/quiet_assets.rb:13:in `call'
actionpack (5.2.2) lib/action_dispatch/middleware/remote_ip.rb:81:in `call'
actionpack (5.2.2) lib/action_dispatch/middleware/request_id.rb:27:in `call'
rack (2.0.6) lib/rack/method_override.rb:22:in `call'
rack (2.0.6) lib/rack/runtime.rb:22:in `call'
activesupport (5.2.2) lib/active_support/cache/strategy/local_cache_middleware.rb:29:in `call'
actionpack (5.2.2) lib/action_dispatch/middleware/executor.rb:14:in `call'
actionpack (5.2.2) lib/action_dispatch/middleware/static.rb:127:in `call'
rack (2.0.6) lib/rack/sendfile.rb:111:in `call'
railties (5.2.2) lib/rails/engine.rb:524:in `call'
puma (3.12.0) lib/puma/configuration.rb:225:in `call'
puma (3.12.0) lib/puma/server.rb:658:in `handle_request'
puma (3.12.0) lib/puma/server.rb:472:in `process_client'
puma (3.12.0) lib/puma/server.rb:332:in `block in run'
puma (3.12.0) lib/puma/thread_pool.rb:133:in `block in spawn_thread'
Started GET "/cats/1" for 127.0.0.1 at 2019-02-26 14:49:26 -0500
Processing by CatsController#show as HTML
  Parameters: {"id"=>"1"}
  [1m[36mCat Load (2.8ms)[0m  [1m[34mSELECT  "cats".* FROM "cats" WHERE "cats"."id" = $1 LIMIT $2[0m  [["id", 1], ["LIMIT", 1]]
  ↳ app/controllers/cats_controller.rb:10
Redirected to http://localhost:3000/cats
Completed 302 Found in 9ms (ActiveRecord: 6.0ms)


Started GET "/cats" for 127.0.0.1 at 2019-02-26 14:49:26 -0500
Processing by CatsController#index as HTML
  Rendering cats/index.html.erb within layouts/application
  [1m[36mCat Load (0.7ms)[0m  [1m[34mSELECT "cats".* FROM "cats"[0m
  ↳ app/views/cats/index.html.erb:16
  Rendered cats/index.html.erb within layouts/application (2.2ms)
Completed 200 OK in 238ms (Views: 236.4ms | ActiveRecord: 0.7ms)


Started GET "/catsnew" for 127.0.0.1 at 2019-02-26 15:22:27 -0500
  
ActionController::RoutingError (No route matches [GET] "/catsnew"):
  
actionpack (5.2.2) lib/action_dispatch/middleware/debug_exceptions.rb:65:in `call'
web-console (3.7.0) lib/web_console/middleware.rb:135:in `call_app'
web-console (3.7.0) lib/web_console/middleware.rb:30:in `block in call'
web-console (3.7.0) lib/web_console/middleware.rb:20:in `catch'
web-console (3.7.0) lib/web_console/middleware.rb:20:in `call'
actionpack (5.2.2) lib/action_dispatch/middleware/show_exceptions.rb:33:in `call'
railties (5.2.2) lib/rails/rack/logger.rb:38:in `call_app'
railties (5.2.2) lib/rails/rack/logger.rb:26:in `block in call'
activesupport (5.2.2) lib/active_support/tagged_logging.rb:71:in `block in tagged'
activesupport (5.2.2) lib/active_support/tagged_logging.rb:28:in `tagged'
activesupport (5.2.2) lib/active_support/tagged_logging.rb:71:in `tagged'
railties (5.2.2) lib/rails/rack/logger.rb:26:in `call'
sprockets-rails (3.2.1) lib/sprockets/rails/quiet_assets.rb:13:in `call'
actionpack (5.2.2) lib/action_dispatch/middleware/remote_ip.rb:81:in `call'
actionpack (5.2.2) lib/action_dispatch/middleware/request_id.rb:27:in `call'
rack (2.0.6) lib/rack/method_override.rb:22:in `call'
rack (2.0.6) lib/rack/runtime.rb:22:in `call'
activesupport (5.2.2) lib/active_support/cache/strategy/local_cache_middleware.rb:29:in `call'
actionpack (5.2.2) lib/action_dispatch/middleware/executor.rb:14:in `call'
actionpack (5.2.2) lib/action_dispatch/middleware/static.rb:127:in `call'
rack (2.0.6) lib/rack/sendfile.rb:111:in `call'
railties (5.2.2) lib/rails/engine.rb:524:in `call'
puma (3.12.0) lib/puma/configuration.rb:225:in `call'
puma (3.12.0) lib/puma/server.rb:658:in `handle_request'
puma (3.12.0) lib/puma/server.rb:472:in `process_client'
puma (3.12.0) lib/puma/server.rb:332:in `block in run'
puma (3.12.0) lib/puma/thread_pool.rb:133:in `block in spawn_thread'
Started GET "/cats/new" for 127.0.0.1 at 2019-02-26 15:22:36 -0500
Processing by CatsController#new as HTML
  Rendering cats/new.html.erb within layouts/application
  Rendered cats/new.html.erb within layouts/application (23.5ms)
Completed 200 OK in 66ms (Views: 66.0ms | ActiveRecord: 0.0ms)


Started GET "/cats/new" for 127.0.0.1 at 2019-02-26 15:23:02 -0500
Processing by CatsController#new as HTML
  Rendering cats/new.html.erb within layouts/application
  Rendered cats/new.html.erb within layouts/application (0.6ms)
Completed 200 OK in 21ms (Views: 20.8ms | ActiveRecord: 0.0ms)


Started GET "/cats/new" for 127.0.0.1 at 2019-02-26 15:23:25 -0500
Processing by CatsController#new as HTML
  Rendering cats/new.html.erb within layouts/application
  Rendered cats/new.html.erb within layouts/application (1.0ms)
Completed 200 OK in 26ms (Views: 25.7ms | ActiveRecord: 0.0ms)


Started GET "/cats/edit" for 127.0.0.1 at 2019-02-26 16:27:21 -0500
Processing by CatsController#show as HTML
  Parameters: {"id"=>"edit"}
  [1m[36mCat Load (0.9ms)[0m  [1m[34mSELECT  "cats".* FROM "cats" WHERE "cats"."id" = $1 LIMIT $2[0m  [["id", 0], ["LIMIT", 1]]
  ↳ app/controllers/cats_controller.rb:10
Redirected to http://localhost:3000/cats
Completed 302 Found in 48ms (ActiveRecord: 6.1ms)


Started GET "/cats" for 127.0.0.1 at 2019-02-26 16:27:22 -0500
Processing by CatsController#index as HTML
  Rendering cats/index.html.erb within layouts/application
  [1m[36mCat Load (0.4ms)[0m  [1m[34mSELECT "cats".* FROM "cats"[0m
  ↳ app/views/cats/index.html.erb:16
  Rendered cats/index.html.erb within layouts/application (1.8ms)
Completed 200 OK in 144ms (Views: 143.1ms | ActiveRecord: 0.4ms)


Started GET "/cat/1/edit" for 127.0.0.1 at 2019-02-26 16:27:58 -0500
  
ActionController::RoutingError (No route matches [GET] "/cat/1/edit"):
  
actionpack (5.2.2) lib/action_dispatch/middleware/debug_exceptions.rb:65:in `call'
web-console (3.7.0) lib/web_console/middleware.rb:135:in `call_app'
web-console (3.7.0) lib/web_console/middleware.rb:30:in `block in call'
web-console (3.7.0) lib/web_console/middleware.rb:20:in `catch'
web-console (3.7.0) lib/web_console/middleware.rb:20:in `call'
actionpack (5.2.2) lib/action_dispatch/middleware/show_exceptions.rb:33:in `call'
railties (5.2.2) lib/rails/rack/logger.rb:38:in `call_app'
railties (5.2.2) lib/rails/rack/logger.rb:26:in `block in call'
activesupport (5.2.2) lib/active_support/tagged_logging.rb:71:in `block in tagged'
activesupport (5.2.2) lib/active_support/tagged_logging.rb:28:in `tagged'
activesupport (5.2.2) lib/active_support/tagged_logging.rb:71:in `tagged'
railties (5.2.2) lib/rails/rack/logger.rb:26:in `call'
sprockets-rails (3.2.1) lib/sprockets/rails/quiet_assets.rb:13:in `call'
actionpack (5.2.2) lib/action_dispatch/middleware/remote_ip.rb:81:in `call'
actionpack (5.2.2) lib/action_dispatch/middleware/request_id.rb:27:in `call'
rack (2.0.6) lib/rack/method_override.rb:22:in `call'
rack (2.0.6) lib/rack/runtime.rb:22:in `call'
activesupport (5.2.2) lib/active_support/cache/strategy/local_cache_middleware.rb:29:in `call'
actionpack (5.2.2) lib/action_dispatch/middleware/executor.rb:14:in `call'
actionpack (5.2.2) lib/action_dispatch/middleware/static.rb:127:in `call'
rack (2.0.6) lib/rack/sendfile.rb:111:in `call'
railties (5.2.2) lib/rails/engine.rb:524:in `call'
puma (3.12.0) lib/puma/configuration.rb:225:in `call'
puma (3.12.0) lib/puma/server.rb:658:in `handle_request'
puma (3.12.0) lib/puma/server.rb:472:in `process_client'
puma (3.12.0) lib/puma/server.rb:332:in `block in run'
puma (3.12.0) lib/puma/thread_pool.rb:133:in `block in spawn_thread'
Started GET "/cats/1/edit" for 127.0.0.1 at 2019-02-26 16:28:06 -0500
Processing by CatsController#edit as HTML
  Parameters: {"id"=>"1"}
  Rendering cats/edit.html.erb within layouts/application
  Rendered cats/edit.html.erb within layouts/application (6.0ms)
Completed 500 Internal Server Error in 78ms (ActiveRecord: 0.0ms)



ActionController::UrlGenerationError - No route matches {:action=>"show", :controller=>"cats", :id=>nil}, missing required keys: [:id]:
  app/views/cats/edit.html.erb:3:in `_app_views_cats_edit_html_erb___4609574935237540768_70268916162940'
  app/controllers/cats_controller.rb:23:in `edit'

Started POST "/__better_errors/fe3e967ffbe7721f/variables" for 127.0.0.1 at 2019-02-26 16:28:06 -0500
Started POST "/__better_errors/fe3e967ffbe7721f/variables" for 127.0.0.1 at 2019-02-26 16:28:36 -0500
Started GET "/cats/1/edit" for 127.0.0.1 at 2019-02-26 16:31:16 -0500

SyntaxError - syntax error, unexpected tIDENTIFIER, expecting keyword_do or '{' or '('
...edit) : redirect_to new_cat_url
...                    ^~~~~~~~~~~:
  app/controllers/cats_controller.rb:23:in `'

Started POST "/__better_errors/645ce4c8e204bb72/variables" for 127.0.0.1 at 2019-02-26 16:31:16 -0500
Started GET "/cats/1/edit" for 127.0.0.1 at 2019-02-26 16:31:38 -0500
Processing by CatsController#edit as HTML
  Parameters: {"id"=>"1"}
  [1m[36mCat Load (0.4ms)[0m  [1m[34mSELECT  "cats".* FROM "cats" WHERE "cats"."id" = $1 LIMIT $2[0m  [["id", 1], ["LIMIT", 1]]
  ↳ app/controllers/cats_controller.rb:23
Redirected to http://localhost:3000/cats/new
Completed 302 Found in 35ms (ActiveRecord: 2.8ms)


Started GET "/cats/new" for 127.0.0.1 at 2019-02-26 16:31:39 -0500
Processing by CatsController#new as HTML
  Rendering cats/new.html.erb within layouts/application
  Rendered cats/new.html.erb within layouts/application (0.7ms)
Completed 200 OK in 70ms (Views: 69.1ms | ActiveRecord: 0.0ms)


Started POST "/cats" for 127.0.0.1 at 2019-02-26 17:15:11 -0500
Processing by CatsController#create as HTML
  Parameters: {"cat"=>{"name"=>"Sydney", "sex"=>"female", "birth_date"=>"2018-06-06", "description"=>"Pretty cat :)"}}
Unpermitted parameter: :name
  [1m[35m (0.2ms)[0m  [1m[35mBEGIN[0m
  ↳ app/controllers/cats_controller.rb:20
  [1m[35m (0.3ms)[0m  [1m[31mROLLBACK[0m
  ↳ app/controllers/cats_controller.rb:20
Completed 422 Unprocessable Entity in 290ms (ActiveRecord: 11.9ms)



ActiveRecord::RecordInvalid - Validation failed: Color can't be blank, Color is not included in the list, Name can't be blank, Sex is not included in the list:
  app/controllers/cats_controller.rb:20:in `create'

Started POST "/__better_errors/8b545aee904d1489/variables" for 127.0.0.1 at 2019-02-26 17:15:12 -0500
Started POST "/cats" for 127.0.0.1 at 2019-02-26 17:15:52 -0500
Processing by CatsController#create as HTML
  Parameters: {"cat"=>{"name"=>"Sydney", "sex"=>"female", "birth_date"=>"2018-06-06", "description"=>"Pretty cat :)"}}
  [1m[35m (0.3ms)[0m  [1m[35mBEGIN[0m
  ↳ app/controllers/cats_controller.rb:20
  [1m[35m (0.2ms)[0m  [1m[31mROLLBACK[0m
  ↳ app/controllers/cats_controller.rb:20
Completed 422 Unprocessable Entity in 61ms (ActiveRecord: 8.1ms)



ActiveRecord::RecordInvalid - Validation failed: Color can't be blank, Color is not included in the list, Sex is not included in the list:
  app/controllers/cats_controller.rb:20:in `create'

Started POST "/__better_errors/c6e25488f88ed43c/variables" for 127.0.0.1 at 2019-02-26 17:15:52 -0500
Started POST "/cats" for 127.0.0.1 at 2019-02-26 17:16:29 -0500
Processing by CatsController#create as HTML
  Parameters: {"cat"=>{"name"=>"Sydney", "sex"=>"female", "birth_date"=>"2018-06-06", "description"=>"Pretty cat :)"}}
  [1m[35m (0.2ms)[0m  [1m[35mBEGIN[0m
  ↳ app/controllers/cats_controller.rb:20
  [1m[35m (0.2ms)[0m  [1m[31mROLLBACK[0m
  ↳ app/controllers/cats_controller.rb:20
No template found for CatsController#create, rendering head :no_content
Completed 204 No Content in 120ms (ActiveRecord: 6.7ms)


Started POST "/cats" for 127.0.0.1 at 2019-02-26 17:17:28 -0500
Processing by CatsController#create as HTML
  Parameters: {"cat"=>{"name"=>"Sydney", "sex"=>"female", "birth_date"=>"2018-06-06", "description"=>"Pretty cat :)"}}
  [1m[35m (0.2ms)[0m  [1m[35mBEGIN[0m
  ↳ app/controllers/cats_controller.rb:20
  [1m[35m (0.2ms)[0m  [1m[31mROLLBACK[0m
  ↳ app/controllers/cats_controller.rb:20
No template found for CatsController#create, rendering head :no_content
Completed 204 No Content in 71ms (ActiveRecord: 0.4ms)


Started POST "/cats" for 127.0.0.1 at 2019-02-26 17:18:15 -0500
Processing by CatsController#create as HTML
  Parameters: {"cat"=>{"name"=>"Sydney", "sex"=>"female", "birth_date"=>"2018-06-06", "description"=>"Pretty cat :)"}}
  [1m[35m (0.2ms)[0m  [1m[35mBEGIN[0m
  ↳ app/controllers/cats_controller.rb:20
  [1m[35m (0.3ms)[0m  [1m[31mROLLBACK[0m
  ↳ app/controllers/cats_controller.rb:20
Completed 422 Unprocessable Entity in 54ms (ActiveRecord: 6.7ms)



ActiveRecord::RecordInvalid - Validation failed: Color can't be blank, Color is not included in the list, Sex is not included in the list:
  app/controllers/cats_controller.rb:20:in `create'

Started POST "/__better_errors/c5d9ea3ee7891c9e/variables" for 127.0.0.1 at 2019-02-26 17:18:15 -0500
Started GET "/cats/new" for 127.0.0.1 at 2019-02-26 17:18:59 -0500
Processing by CatsController#new as HTML
  Rendering cats/new.html.erb within layouts/application
  Rendered cats/_form.html.erb (410.2ms)
  Rendered cats/new.html.erb within layouts/application (412.3ms)
Completed 500 Internal Server Error in 464ms (ActiveRecord: 0.0ms)



NameError - undefined local variable or method `edit' for #<#<Class:0x00007fd182b4e618>:0x00007fd182b4cc50>
Did you mean?  exit:
  app/views/cats/_form.html.erb:2:in `_app_views_cats__form_html_erb__108608271592263625_70268908072940'
  app/views/cats/new.html.erb:1:in `_app_views_cats_new_html_erb__1016691455142548195_70268908886980'
  app/controllers/cats_controller.rb:16:in `new'

Started POST "/__better_errors/f09c124aa14ea262/variables" for 127.0.0.1 at 2019-02-26 17:19:00 -0500
Started GET "/cats/new" for 127.0.0.1 at 2019-02-26 17:19:53 -0500
Processing by CatsController#new as HTML
  Rendering cats/new.html.erb within layouts/application
  Rendered cats/_form.html.erb (1.1ms)
  Rendered cats/new.html.erb within layouts/application (16.0ms)
Completed 200 OK in 111ms (Views: 110.3ms | ActiveRecord: 0.0ms)


Started POST "/cats" for 127.0.0.1 at 2019-02-26 17:20:05 -0500
Processing by CatsController#create as HTML
  Parameters: {"cat"=>{"name"=>"Sydney", "sex"=>"F", "birth_date"=>"2019-02-06", "description"=>"meow"}}
  [1m[35m (0.3ms)[0m  [1m[35mBEGIN[0m
  ↳ app/controllers/cats_controller.rb:20
  [1m[35m (0.2ms)[0m  [1m[31mROLLBACK[0m
  ↳ app/controllers/cats_controller.rb:20
Completed 422 Unprocessable Entity in 5ms (ActiveRecord: 0.5ms)



ActiveRecord::RecordInvalid - Validation failed: Color can't be blank, Color is not included in the list:
  app/controllers/cats_controller.rb:20:in `create'

Started POST "/__better_errors/7edaa85af596571b/variables" for 127.0.0.1 at 2019-02-26 17:20:05 -0500
Started POST "/cats" for 127.0.0.1 at 2019-02-26 17:22:14 -0500
Processing by CatsController#create as HTML
  Parameters: {"cat"=>{"name"=>"Sydney", "sex"=>"F", "birth_date"=>"2019-02-06", "description"=>"meow"}}
  [1m[35m (0.2ms)[0m  [1m[35mBEGIN[0m
  ↳ app/controllers/cats_controller.rb:20
  [1m[35m (0.2ms)[0m  [1m[31mROLLBACK[0m
  ↳ app/controllers/cats_controller.rb:20
Completed 422 Unprocessable Entity in 4ms (ActiveRecord: 0.4ms)



ActiveRecord::RecordInvalid - Validation failed: Color can't be blank, Color is not included in the list:
  app/controllers/cats_controller.rb:20:in `create'

Started POST "/__better_errors/e7bce8db6d40fa58/variables" for 127.0.0.1 at 2019-02-26 17:22:14 -0500
Started GET "/cats/new" for 127.0.0.1 at 2019-02-26 17:22:18 -0500
Processing by CatsController#new as HTML
  Rendering cats/new.html.erb within layouts/application
  Rendered cats/_form.html.erb (0.9ms)
  Rendered cats/new.html.erb within layouts/application (2.7ms)
Completed 200 OK in 161ms (Views: 160.8ms | ActiveRecord: 0.0ms)


Started POST "/cats" for 127.0.0.1 at 2019-02-26 17:22:25 -0500
Processing by CatsController#create as HTML
  Parameters: {"cat"=>{"name"=>"Sydney", "sex"=>"F", "color"=>"tabby", "birth_date"=>"2019-02-13", "description"=>"m"}}
  [1m[35m (0.2ms)[0m  [1m[35mBEGIN[0m
  ↳ app/controllers/cats_controller.rb:20
  [1m[36mCat Create (43.8ms)[0m  [1m[32mINSERT INTO "cats" ("birth_date", "color", "name", "sex", "description", "created_at", "updated_at") VALUES ($1, $2, $3, $4, $5, $6, $7) RETURNING "id"[0m  [["birth_date", "2019-02-13"], ["color", "tabby"], ["name", "Sydney"], ["sex", "F"], ["description", "m"], ["created_at", "2019-02-26 22:22:25.555401"], ["updated_at", "2019-02-26 22:22:25.555401"]]
  ↳ app/controllers/cats_controller.rb:20
  [1m[35m (8.4ms)[0m  [1m[35mCOMMIT[0m
  ↳ app/controllers/cats_controller.rb:20
No template found for CatsController#create, rendering head :no_content
Completed 204 No Content in 172ms (ActiveRecord: 52.5ms)


Started GET "/cats/new" for 127.0.0.1 at 2019-02-26 17:24:39 -0500
Processing by CatsController#new as HTML
  Rendering cats/new.html.erb within layouts/application
  Rendered cats/_form.html.erb (2.1ms)
  Rendered cats/new.html.erb within layouts/application (12.0ms)
Completed 200 OK in 154ms (Views: 100.2ms | ActiveRecord: 7.1ms)


Started POST "/cats" for 127.0.0.1 at 2019-02-26 17:24:45 -0500
Processing by CatsController#create as HTML
  Parameters: {"cat"=>{"name"=>"Sydney", "sex"=>"F", "color"=>"nightblack", "birth_date"=>"2019-02-06", "description"=>""}}
  [1m[35m (0.2ms)[0m  [1m[35mBEGIN[0m
  ↳ app/controllers/cats_controller.rb:20
  [1m[35m (0.3ms)[0m  [1m[31mROLLBACK[0m
  ↳ app/controllers/cats_controller.rb:20
Completed 422 Unprocessable Entity in 5ms (ActiveRecord: 0.5ms)



ActiveRecord::RecordInvalid - Validation failed: Description can't be blank:
  app/controllers/cats_controller.rb:20:in `create'

Started POST "/__better_errors/cb718d8e58c31e59/variables" for 127.0.0.1 at 2019-02-26 17:24:45 -0500
Started GET "/cats/new" for 127.0.0.1 at 2019-02-26 17:24:48 -0500
Processing by CatsController#new as HTML
  Rendering cats/new.html.erb within layouts/application
  Rendered cats/_form.html.erb (1.1ms)
  Rendered cats/new.html.erb within layouts/application (3.5ms)
Completed 200 OK in 24ms (Views: 23.5ms | ActiveRecord: 0.0ms)


Started POST "/cats" for 127.0.0.1 at 2019-02-26 17:24:54 -0500
Processing by CatsController#create as HTML
  Parameters: {"cat"=>{"name"=>"Sydney", "sex"=>"F", "color"=>"moonwhite", "birth_date"=>"2019-02-13", "description"=>"m"}}
  [1m[35m (0.2ms)[0m  [1m[35mBEGIN[0m
  ↳ app/controllers/cats_controller.rb:20
  [1m[36mCat Create (0.7ms)[0m  [1m[32mINSERT INTO "cats" ("birth_date", "color", "name", "sex", "description", "created_at", "updated_at") VALUES ($1, $2, $3, $4, $5, $6, $7) RETURNING "id"[0m  [["birth_date", "2019-02-13"], ["color", "moonwhite"], ["name", "Sydney"], ["sex", "F"], ["description", "m"], ["created_at", "2019-02-26 22:24:54.976439"], ["updated_at", "2019-02-26 22:24:54.976439"]]
  ↳ app/controllers/cats_controller.rb:20
  [1m[35m (0.5ms)[0m  [1m[35mCOMMIT[0m
  ↳ app/controllers/cats_controller.rb:20
Redirected to http://localhost:3000/cats/2
Completed 302 Found in 7ms (ActiveRecord: 1.4ms)


Started GET "/cats/2" for 127.0.0.1 at 2019-02-26 17:24:54 -0500
Processing by CatsController#show as HTML
  Parameters: {"id"=>"2"}
  [1m[36mCat Load (0.5ms)[0m  [1m[34mSELECT  "cats".* FROM "cats" WHERE "cats"."id" = $1 LIMIT $2[0m  [["id", 2], ["LIMIT", 1]]
  ↳ app/controllers/cats_controller.rb:10
  Rendering cats/show.html.erb within layouts/application
  Rendered cats/show.html.erb within layouts/application (2.9ms)
Completed 500 Internal Server Error in 62ms (ActiveRecord: 0.7ms)



TypeError - can't convert Date into an exact number:
  app/models/cat.rb:12:in `age'
  app/views/cats/show.html.erb:19:in `_app_views_cats_show_html_erb___1073830561143388946_70268903403340'
  app/controllers/cats_controller.rb:11:in `show'

Started POST "/__better_errors/0409d7ab25fd683a/variables" for 127.0.0.1 at 2019-02-26 17:24:55 -0500
Started GET "/cats/new" for 127.0.0.1 at 2019-02-26 17:26:35 -0500
Processing by CatsController#new as HTML
  Rendering cats/new.html.erb within layouts/application
  Rendered cats/_form.html.erb (1.6ms)
  Rendered cats/new.html.erb within layouts/application (3.5ms)
Completed 200 OK in 77ms (Views: 23.9ms | ActiveRecord: 6.2ms)


Started POST "/cats" for 127.0.0.1 at 2019-02-26 17:26:43 -0500
Processing by CatsController#create as HTML
  Parameters: {"cat"=>{"name"=>"Sydney", "sex"=>"F", "color"=>"moonwhite", "birth_date"=>"2019-02-13", "description"=>"m"}}
  [1m[35m (0.2ms)[0m  [1m[35mBEGIN[0m
  ↳ app/controllers/cats_controller.rb:20
  [1m[36mCat Create (0.6ms)[0m  [1m[32mINSERT INTO "cats" ("birth_date", "color", "name", "sex", "description", "created_at", "updated_at") VALUES ($1, $2, $3, $4, $5, $6, $7) RETURNING "id"[0m  [["birth_date", "2019-02-13"], ["color", "moonwhite"], ["name", "Sydney"], ["sex", "F"], ["description", "m"], ["created_at", "2019-02-26 22:26:43.736186"], ["updated_at", "2019-02-26 22:26:43.736186"]]
  ↳ app/controllers/cats_controller.rb:20
  [1m[35m (0.5ms)[0m  [1m[35mCOMMIT[0m
  ↳ app/controllers/cats_controller.rb:20
Redirected to http://localhost:3000/cats/3
Completed 302 Found in 6ms (ActiveRecord: 1.3ms)


Started GET "/cats/3" for 127.0.0.1 at 2019-02-26 17:26:43 -0500
Processing by CatsController#show as HTML
  Parameters: {"id"=>"3"}
  [1m[36mCat Load (0.4ms)[0m  [1m[34mSELECT  "cats".* FROM "cats" WHERE "cats"."id" = $1 LIMIT $2[0m  [["id", 3], ["LIMIT", 1]]
  ↳ app/controllers/cats_controller.rb:10
  Rendering cats/show.html.erb within layouts/application
  Rendered cats/show.html.erb within layouts/application (0.9ms)
Completed 200 OK in 22ms (Views: 19.4ms | ActiveRecord: 0.4ms)


Started GET "/cats" for 127.0.0.1 at 2019-02-26 17:29:06 -0500
Processing by CatsController#index as HTML
  Rendering cats/index.html.erb within layouts/application
  [1m[36mCat Load (0.5ms)[0m  [1m[34mSELECT "cats".* FROM "cats"[0m
  ↳ app/views/cats/index.html.erb:16
  Rendered cats/index.html.erb within layouts/application (2.9ms)
Completed 200 OK in 88ms (Views: 86.5ms | ActiveRecord: 0.5ms)


